<?xml version="1.0" encoding="UTF-8"?>
<testng-results ignored="0" total="1" passed="1" failed="0" skipped="0">
  <reporter-output>
  </reporter-output>
  <suite started-at="2025-07-19T12:12:39 IST" name="Default suite" finished-at="2025-07-19T12:13:27 IST" duration-ms="47687">
    <groups>
    </groups>
    <test started-at="2025-07-19T12:12:39 IST" name="Default test" finished-at="2025-07-19T12:13:27 IST" duration-ms="47687">
      <class name="Organization.CreateOrganizationLinkTest">
        <test-method is-config="true" signature="BS()[pri:0, instance:Organization.CreateOrganizationLinkTest@291b4bf5]" started-at="2025-07-19T12:12:39 IST" name="BS" finished-at="2025-07-19T12:12:39 IST" duration-ms="29" status="PASS">
          <reporter-output>
          </reporter-output>
        </test-method> <!-- BS -->
        <test-method is-config="true" signature="BT()[pri:0, instance:Organization.CreateOrganizationLinkTest@291b4bf5]" started-at="2025-07-19T12:12:40 IST" name="BT" finished-at="2025-07-19T12:12:40 IST" duration-ms="2" status="PASS">
          <reporter-output>
          </reporter-output>
        </test-method> <!-- BT -->
        <test-method is-config="true" signature="BC()[pri:0, instance:Organization.CreateOrganizationLinkTest@291b4bf5]" started-at="2025-07-19T12:12:40 IST" name="BC" finished-at="2025-07-19T12:12:47 IST" duration-ms="7855" status="PASS">
          <reporter-output>
          </reporter-output>
        </test-method> <!-- BC -->
        <test-method is-config="true" signature="BM()[pri:0, instance:Organization.CreateOrganizationLinkTest@291b4bf5]" started-at="2025-07-19T12:12:47 IST" name="BM" finished-at="2025-07-19T12:12:55 IST" duration-ms="7484" status="PASS">
          <reporter-output>
          </reporter-output>
        </test-method> <!-- BM -->
        <test-method signature="createOrganizationLinkTest()[pri:0, instance:Organization.CreateOrganizationLinkTest@291b4bf5]" started-at="2025-07-19T12:12:55 IST" name="createOrganizationLinkTest" finished-at="2025-07-19T12:13:24 IST" duration-ms="29372" status="PASS">
          <reporter-output>
          </reporter-output>
        </test-method> <!-- createOrganizationLinkTest -->
        <test-method is-config="true" signature="AM()[pri:0, instance:Organization.CreateOrganizationLinkTest@291b4bf5]" started-at="2025-07-19T12:13:24 IST" name="AM" finished-at="2025-07-19T12:13:27 IST" duration-ms="2309" status="PASS">
          <reporter-output>
          </reporter-output>
        </test-method> <!-- AM -->
        <test-method is-config="true" signature="AC()[pri:0, instance:Organization.CreateOrganizationLinkTest@291b4bf5]" started-at="2025-07-19T12:13:27 IST" name="AC" finished-at="2025-07-19T12:13:27 IST" duration-ms="508" status="PASS">
          <reporter-output>
          </reporter-output>
        </test-method> <!-- AC -->
        <test-method is-config="true" signature="AT()[pri:0, instance:Organization.CreateOrganizationLinkTest@291b4bf5]" started-at="2025-07-19T12:13:27 IST" name="AT" finished-at="2025-07-19T12:13:27 IST" duration-ms="1" status="PASS">
          <reporter-output>
          </reporter-output>
        </test-method> <!-- AT -->
        <test-method is-config="true" signature="AS()[pri:0, instance:Organization.CreateOrganizationLinkTest@291b4bf5]" started-at="2025-07-19T12:13:27 IST" name="AS" finished-at="2025-07-19T12:13:27 IST" duration-ms="0" status="PASS">
          <reporter-output>
          </reporter-output>
        </test-method> <!-- AS -->
      </class> <!-- Organization.CreateOrganizationLinkTest -->
    </test> <!-- Default test -->
  </suite> <!-- Default suite -->
</testng-results>
