<?xml version="1.0" encoding="UTF-8"?>
<testng-results ignored="0" total="1" passed="1" failed="0" skipped="0">
  <reporter-output>
  </reporter-output>
  <suite started-at="2025-07-18T07:50:52 IST" name="Default suite" finished-at="2025-07-18T07:51:11 IST" duration-ms="19046">
    <groups>
    </groups>
    <test started-at="2025-07-18T07:50:52 IST" name="Default test" finished-at="2025-07-18T07:51:11 IST" duration-ms="19046">
      <class name="Campaigns.CreateCampaignsTest">
        <test-method is-config="true" signature="BS()[pri:0, instance:Campaigns.CreateCampaignsTest@5f8edcc5]" started-at="2025-07-18T07:50:52 IST" name="BS" finished-at="2025-07-18T07:50:52 IST" duration-ms="17" status="PASS">
          <reporter-output>
          </reporter-output>
        </test-method> <!-- BS -->
        <test-method is-config="true" signature="BT()[pri:0, instance:Campaigns.CreateCampaignsTest@5f8edcc5]" started-at="2025-07-18T07:50:52 IST" name="BT" finished-at="2025-07-18T07:50:52 IST" duration-ms="1" status="PASS">
          <reporter-output>
          </reporter-output>
        </test-method> <!-- BT -->
        <test-method is-config="true" signature="BC()[pri:0, instance:Campaigns.CreateCampaignsTest@5f8edcc5]" started-at="2025-07-18T07:50:52 IST" name="BC" finished-at="2025-07-18T07:50:56 IST" duration-ms="3575" status="PASS">
          <reporter-output>
          </reporter-output>
        </test-method> <!-- BC -->
        <test-method is-config="true" signature="BM()[pri:0, instance:Campaigns.CreateCampaignsTest@5f8edcc5]" started-at="2025-07-18T07:50:56 IST" name="BM" finished-at="2025-07-18T07:50:57 IST" duration-ms="1129" status="PASS">
          <reporter-output>
          </reporter-output>
        </test-method> <!-- BM -->
        <test-method signature="createCampaignsTest()[pri:0, instance:Campaigns.CreateCampaignsTest@5f8edcc5]" started-at="2025-07-18T07:50:57 IST" name="createCampaignsTest" finished-at="2025-07-18T07:51:10 IST" duration-ms="12951" status="PASS">
          <reporter-output>
          </reporter-output>
        </test-method> <!-- createCampaignsTest -->
        <test-method is-config="true" signature="AM()[pri:0, instance:Campaigns.CreateCampaignsTest@5f8edcc5]" started-at="2025-07-18T07:51:10 IST" name="AM" finished-at="2025-07-18T07:51:11 IST" duration-ms="1048" status="PASS">
          <reporter-output>
          </reporter-output>
        </test-method> <!-- AM -->
        <test-method is-config="true" signature="AC()[pri:0, instance:Campaigns.CreateCampaignsTest@5f8edcc5]" started-at="2025-07-18T07:51:11 IST" name="AC" finished-at="2025-07-18T07:51:11 IST" duration-ms="256" status="PASS">
          <reporter-output>
          </reporter-output>
        </test-method> <!-- AC -->
        <test-method is-config="true" signature="AT()[pri:0, instance:Campaigns.CreateCampaignsTest@5f8edcc5]" started-at="2025-07-18T07:51:11 IST" name="AT" finished-at="2025-07-18T07:51:11 IST" duration-ms="1" status="PASS">
          <reporter-output>
          </reporter-output>
        </test-method> <!-- AT -->
        <test-method is-config="true" signature="AS()[pri:0, instance:Campaigns.CreateCampaignsTest@5f8edcc5]" started-at="2025-07-18T07:51:11 IST" name="AS" finished-at="2025-07-18T07:51:11 IST" duration-ms="1" status="PASS">
          <reporter-output>
          </reporter-output>
        </test-method> <!-- AS -->
      </class> <!-- Campaigns.CreateCampaignsTest -->
    </test> <!-- Default test -->
  </suite> <!-- Default suite -->
</testng-results>
